<?xml version="1.0" encoding="UTF-8"?>
<!-- Generated by org.testng.reporters.JUnitXMLReporter -->
<testsuite ignored="0" hostname="DESKTOP-L558MLK" failures="0" tests="7" name="Default test" time="44.741" errors="0" timestamp="2021-09-10T16:42:35 EET">
  <testcase classname="tests.E2E_Testing" name="Userregistersuccessfully" time="14.987"/>
  <testcase classname="tests.E2E_Testing" name="RegisteredUserCanLogout" time="5.125"/>
  <testcase classname="tests.E2E_Testing" name="RegisterUserCanLogin" time="5.491"/>
  <testcase classname="tests.E2E_Testing" name="RegisterUserCanSelectProduct" time="5.015"/>
  <testcase classname="tests.E2E_Testing" name="RegisterUserCanFollowCheckOutProcedure" time="6.731"/>
  <testcase classname="tests.E2E_Testing" name="RegisterUserCanConfirmCheckOrderBySelectingBankWireOption" time="5.286"/>
  <testcase classname="tests.E2E_Testing" name="Validateorderwasplacedfromorderhistorypage" time="2.024"/>
</testsuite> <!-- Default test -->
