<?xml version="1.0" encoding="UTF-8"?>
<!-- Generated by org.testng.reporters.JUnitXMLReporter -->
<testsuite hostname="DESKTOP-LF89V5L" ignored="0" name="Default test" tests="7" failures="0" timestamp="2020-07-16T17:25:13 AST" time="49.921" errors="0">
  <testcase name="Userregistersuccessfully" time="19.78" classname="tests.E2E_Testing"/>
  <testcase name="RegisteredUserCanLogout" time="2.498" classname="tests.E2E_Testing"/>
  <testcase name="RegisterUserCanLogin" time="3.776" classname="tests.E2E_Testing"/>
  <testcase name="RegisterUserCanSelectProduct" time="4.697" classname="tests.E2E_Testing"/>
  <testcase name="RegisterUserCanFollowCheckOutProcedure" time="9.571" classname="tests.E2E_Testing"/>
  <testcase name="RegisterUserCanConfirmCheckOrderBySelectingBankWireOption" time="5.556" classname="tests.E2E_Testing"/>
  <testcase name="Validateorderwasplacedfromorderhistorypage" time="3.857" classname="tests.E2E_Testing"/>
</testsuite> <!-- Default test -->
