<?xml version="1.0" encoding="UTF-8"?>
<!-- Generated by org.testng.reporters.JUnitXMLReporter -->
<testsuite hostname="DESKTOP-TT3HAF2" ignored="12" name="Test" tests="20" failures="0" timestamp="2019-10-05T17:43:36 EET" time="86.169" errors="0">
  <testcase name="checkvalidationempty" time="5.388" classname="tests.UserRegisteration"/>
  <testcase name="Userregistersuccessfully" time="5.209" classname="tests.UserRegisteration"/>
  <testcase name="RegisteredUserCanLogout" time="1.931" classname="tests.UserRegisteration"/>
  <testcase name="RegisterUserCanLogin" time="2.763" classname="tests.UserRegisteration"/>
  <testcase name="loginedUserLogout" time="1.781" classname="tests.UserRegisteration"/>
  <testcase name="checkvalidationempty" time="4.844" classname="tests.UserRegisterationDatadriven"/>
  <testcase name="Userregistersuccessfully" time="6.113" classname="tests.UserRegisterationDatadriven"/>
  <testcase name="RegisteredUserCanLogout" time="1.807" classname="tests.UserRegisterationDatadriven"/>
  <testcase name="RegisterUserCanLogin" time="2.871" classname="tests.UserRegisterationDatadriven"/>
  <testcase name="loginedUserLogout" time="1.865" classname="tests.UserRegisterationDatadriven"/>
  <testcase name="forgetPass" time="4.645" classname="tests.Forgetpassword"/>
  <testcase name="UsercanSearchforProduct" time="3.609" classname="tests.SearchProductPage"/>
  <testcase name="UserCanSearchWithAutoSuggest" time="2.375" classname="tests.SearchProductPageAutoSuggest"/>
  <testcase name="UsercanSearchforProduct" time="2.316" classname="tests.UserCancheckoutsignin"/>
  <testcase name="UserCanCheckoutProduct" time="14.171" classname="tests.UserCancheckoutsignin"/>
  <testcase name="UserCansignoutSuccessfully" time="2.512" classname="tests.UserCancheckoutsignin"/>
  <testcase name="Userloginsuccessfully" time="2.907" classname="tests.Registeredusercheckout"/>
  <testcase name="UsercanfindProduct" time="2.569" classname="tests.Registeredusercheckout"/>
  <testcase name="UserCanCheckoutProduct" time="12.638" classname="tests.Registeredusercheckout"/>
  <testcase name="UsersignoutSuccessfully" time="3.765" classname="tests.Registeredusercheckout"/>
  <testcase name="@BeforeSuite startDriver" time="0.0" classname="tests.TestBase">
    <ignored/>
  </testcase> <!-- @BeforeSuite startDriver -->
  <testcase name="@BeforeSuite startDriver" time="0.0" classname="tests.TestBase">
    <ignored/>
  </testcase> <!-- @BeforeSuite startDriver -->
  <testcase name="@BeforeSuite startDriver" time="0.0" classname="tests.TestBase">
    <ignored/>
  </testcase> <!-- @BeforeSuite startDriver -->
  <testcase name="@BeforeSuite startDriver" time="0.0" classname="tests.TestBase">
    <ignored/>
  </testcase> <!-- @BeforeSuite startDriver -->
  <testcase name="@BeforeSuite startDriver" time="0.0" classname="tests.TestBase">
    <ignored/>
  </testcase> <!-- @BeforeSuite startDriver -->
  <testcase name="@BeforeSuite startDriver" time="0.0" classname="tests.TestBase">
    <ignored/>
  </testcase> <!-- @BeforeSuite startDriver -->
  <testcase name="@AfterSuite stopDriver" time="0.0" classname="tests.TestBase">
    <ignored/>
  </testcase> <!-- @AfterSuite stopDriver -->
  <testcase name="@AfterSuite stopDriver" time="0.0" classname="tests.TestBase">
    <ignored/>
  </testcase> <!-- @AfterSuite stopDriver -->
  <testcase name="@AfterSuite stopDriver" time="0.0" classname="tests.TestBase">
    <ignored/>
  </testcase> <!-- @AfterSuite stopDriver -->
  <testcase name="@AfterSuite stopDriver" time="0.0" classname="tests.TestBase">
    <ignored/>
  </testcase> <!-- @AfterSuite stopDriver -->
  <testcase name="@AfterSuite stopDriver" time="0.0" classname="tests.TestBase">
    <ignored/>
  </testcase> <!-- @AfterSuite stopDriver -->
  <testcase name="@AfterSuite stopDriver" time="0.0" classname="tests.TestBase">
    <ignored/>
  </testcase> <!-- @AfterSuite stopDriver -->
</testsuite> <!-- Test -->
