<?xml version="1.0" encoding="UTF-8"?>
<testng-results ignored="0" total="7" passed="7" failed="0" skipped="0">
  <reporter-output>
  </reporter-output>
  <suite started-at="2021-09-10T16:41:50 EET" name="Default suite" finished-at="2021-09-10T16:42:35 EET" duration-ms="44741">
    <groups>
    </groups>
    <test started-at="2021-09-10T16:41:50 EET" name="Default test" finished-at="2021-09-10T16:42:35 EET" duration-ms="44741">
      <class name="tests.E2E_Testing">
        <test-method is-config="true" signature="startDriver(java.lang.String)[pri:0, instance:tests.E2E_Testing@28b8f98a]" started-at="2021-09-10T16:41:36 EET" name="startDriver" finished-at="2021-09-10T16:41:50 EET" duration-ms="13722" status="PASS">
          <params>
            <param index="0">
              <value>
                <![CDATA[chrome]]>
              </value>
            </param>
          </params>
          <reporter-output>
          </reporter-output>
        </test-method> <!-- startDriver -->
        <test-method signature="Userregistersuccessfully()[pri:1, instance:tests.E2E_Testing@28b8f98a]" started-at="2021-09-10T16:41:50 EET" name="Userregistersuccessfully" finished-at="2021-09-10T16:42:05 EET" duration-ms="14987" status="PASS">
          <reporter-output>
          </reporter-output>
        </test-method> <!-- Userregistersuccessfully -->
        <test-method signature="RegisteredUserCanLogout()[pri:0, instance:tests.E2E_Testing@28b8f98a]" started-at="2021-09-10T16:42:05 EET" name="RegisteredUserCanLogout" finished-at="2021-09-10T16:42:10 EET" depends-on-methods="tests.E2E_Testing.Userregistersuccessfully" duration-ms="5125" status="PASS">
          <reporter-output>
          </reporter-output>
        </test-method> <!-- RegisteredUserCanLogout -->
        <test-method signature="RegisterUserCanLogin()[pri:0, instance:tests.E2E_Testing@28b8f98a]" started-at="2021-09-10T16:42:10 EET" name="RegisterUserCanLogin" finished-at="2021-09-10T16:42:16 EET" depends-on-methods="tests.E2E_Testing.RegisteredUserCanLogout" duration-ms="5491" status="PASS">
          <reporter-output>
          </reporter-output>
        </test-method> <!-- RegisterUserCanLogin -->
        <test-method signature="RegisterUserCanSelectProduct()[pri:0, instance:tests.E2E_Testing@28b8f98a]" started-at="2021-09-10T16:42:16 EET" name="RegisterUserCanSelectProduct" finished-at="2021-09-10T16:42:21 EET" depends-on-methods="tests.E2E_Testing.RegisterUserCanLogin" duration-ms="5015" status="PASS">
          <reporter-output>
          </reporter-output>
        </test-method> <!-- RegisterUserCanSelectProduct -->
        <test-method signature="RegisterUserCanFollowCheckOutProcedure()[pri:0, instance:tests.E2E_Testing@28b8f98a]" started-at="2021-09-10T16:42:21 EET" name="RegisterUserCanFollowCheckOutProcedure" finished-at="2021-09-10T16:42:27 EET" depends-on-methods="tests.E2E_Testing.RegisterUserCanSelectProduct" duration-ms="6731" status="PASS">
          <reporter-output>
          </reporter-output>
        </test-method> <!-- RegisterUserCanFollowCheckOutProcedure -->
        <test-method signature="RegisterUserCanConfirmCheckOrderBySelectingBankWireOption()[pri:0, instance:tests.E2E_Testing@28b8f98a]" started-at="2021-09-10T16:42:27 EET" name="RegisterUserCanConfirmCheckOrderBySelectingBankWireOption" finished-at="2021-09-10T16:42:33 EET" depends-on-methods="tests.E2E_Testing.RegisterUserCanFollowCheckOutProcedure" duration-ms="5286" status="PASS">
          <reporter-output>
          </reporter-output>
        </test-method> <!-- RegisterUserCanConfirmCheckOrderBySelectingBankWireOption -->
        <test-method signature="Validateorderwasplacedfromorderhistorypage()[pri:0, instance:tests.E2E_Testing@28b8f98a]" started-at="2021-09-10T16:42:33 EET" name="Validateorderwasplacedfromorderhistorypage" finished-at="2021-09-10T16:42:35 EET" depends-on-methods="tests.E2E_Testing.RegisterUserCanConfirmCheckOrderBySelectingBankWireOption" duration-ms="2024" status="PASS">
          <reporter-output>
          </reporter-output>
        </test-method> <!-- Validateorderwasplacedfromorderhistorypage -->
        <test-method is-config="true" signature="stopDriver()[pri:0, instance:tests.E2E_Testing@28b8f98a]" started-at="2021-09-10T16:42:35 EET" name="stopDriver" finished-at="2021-09-10T16:42:35 EET" duration-ms="1" status="PASS">
          <reporter-output>
          </reporter-output>
        </test-method> <!-- stopDriver -->
      </class> <!-- tests.E2E_Testing -->
    </test> <!-- Default test -->
  </suite> <!-- Default suite -->
</testng-results>
