<?xml version="1.0" encoding="UTF-8"?>
<testng-results skipped="0" failed="0" ignored="0" total="7" passed="7">
  <reporter-output>
  </reporter-output>
  <suite name="Default suite" duration-ms="49921" started-at="2020-07-16T17:24:23 AST" finished-at="2020-07-16T17:25:12 AST">
    <groups>
    </groups>
    <test name="Default test" duration-ms="49921" started-at="2020-07-16T17:24:23 AST" finished-at="2020-07-16T17:25:12 AST">
      <class name="tests.E2E_Testing">
        <test-method status="PASS" signature="startDriver(java.lang.String)[pri:0, instance:tests.E2E_Testing@3a3ed300]" name="startDriver" is-config="true" duration-ms="50311" started-at="2020-07-16T17:23:32 AST" finished-at="2020-07-16T17:24:23 AST">
          <params>
            <param index="0">
              <value>
                <![CDATA[chrome]]>
              </value>
            </param>
          </params>
          <reporter-output>
          </reporter-output>
        </test-method> <!-- startDriver -->
        <test-method status="PASS" signature="Userregistersuccessfully()[pri:1, instance:tests.E2E_Testing@3a3ed300]" name="Userregistersuccessfully" duration-ms="19780" started-at="2020-07-16T17:24:23 AST" finished-at="2020-07-16T17:24:42 AST">
          <reporter-output>
          </reporter-output>
        </test-method> <!-- Userregistersuccessfully -->
        <test-method status="PASS" signature="RegisteredUserCanLogout()[pri:0, instance:tests.E2E_Testing@3a3ed300]" name="RegisteredUserCanLogout" duration-ms="2498" started-at="2020-07-16T17:24:42 AST" depends-on-methods="tests.E2E_Testing.Userregistersuccessfully" finished-at="2020-07-16T17:24:45 AST">
          <reporter-output>
          </reporter-output>
        </test-method> <!-- RegisteredUserCanLogout -->
        <test-method status="PASS" signature="RegisterUserCanLogin()[pri:0, instance:tests.E2E_Testing@3a3ed300]" name="RegisterUserCanLogin" duration-ms="3776" started-at="2020-07-16T17:24:45 AST" depends-on-methods="tests.E2E_Testing.RegisteredUserCanLogout" finished-at="2020-07-16T17:24:49 AST">
          <reporter-output>
          </reporter-output>
        </test-method> <!-- RegisterUserCanLogin -->
        <test-method status="PASS" signature="RegisterUserCanSelectProduct()[pri:0, instance:tests.E2E_Testing@3a3ed300]" name="RegisterUserCanSelectProduct" duration-ms="4697" started-at="2020-07-16T17:24:49 AST" depends-on-methods="tests.E2E_Testing.RegisterUserCanLogin" finished-at="2020-07-16T17:24:53 AST">
          <reporter-output>
          </reporter-output>
        </test-method> <!-- RegisterUserCanSelectProduct -->
        <test-method status="PASS" signature="RegisterUserCanFollowCheckOutProcedure()[pri:0, instance:tests.E2E_Testing@3a3ed300]" name="RegisterUserCanFollowCheckOutProcedure" duration-ms="9571" started-at="2020-07-16T17:24:53 AST" depends-on-methods="tests.E2E_Testing.RegisterUserCanSelectProduct" finished-at="2020-07-16T17:25:03 AST">
          <reporter-output>
          </reporter-output>
        </test-method> <!-- RegisterUserCanFollowCheckOutProcedure -->
        <test-method status="PASS" signature="RegisterUserCanConfirmCheckOrderBySelectingBankWireOption()[pri:0, instance:tests.E2E_Testing@3a3ed300]" name="RegisterUserCanConfirmCheckOrderBySelectingBankWireOption" duration-ms="5556" started-at="2020-07-16T17:25:03 AST" depends-on-methods="tests.E2E_Testing.RegisterUserCanFollowCheckOutProcedure" finished-at="2020-07-16T17:25:09 AST">
          <reporter-output>
          </reporter-output>
        </test-method> <!-- RegisterUserCanConfirmCheckOrderBySelectingBankWireOption -->
        <test-method status="PASS" signature="Validateorderwasplacedfromorderhistorypage()[pri:0, instance:tests.E2E_Testing@3a3ed300]" name="Validateorderwasplacedfromorderhistorypage" duration-ms="3857" started-at="2020-07-16T17:25:09 AST" depends-on-methods="tests.E2E_Testing.RegisterUserCanConfirmCheckOrderBySelectingBankWireOption" finished-at="2020-07-16T17:25:12 AST">
          <reporter-output>
          </reporter-output>
        </test-method> <!-- Validateorderwasplacedfromorderhistorypage -->
        <test-method status="PASS" signature="stopDriver()[pri:0, instance:tests.E2E_Testing@3a3ed300]" name="stopDriver" is-config="true" duration-ms="1" started-at="2020-07-16T17:25:13 AST" finished-at="2020-07-16T17:25:13 AST">
          <reporter-output>
          </reporter-output>
        </test-method> <!-- stopDriver -->
      </class> <!-- tests.E2E_Testing -->
    </test> <!-- Default test -->
  </suite> <!-- Default suite -->
</testng-results>
